2021-07-04 18:46:03,952 [      0]   INFO -        #com.intellij.idea.Main - ------------------------------------------------------ IDE STARTED ------------------------------------------------------ 
2021-07-04 18:46:04,039 [     87]   INFO -        #com.intellij.idea.Main - IDE: IntelliJ IDEA (build #IC-202.7660.26, 06 Oct 2020 03:32) 
2021-07-04 18:46:04,040 [     88]   INFO -        #com.intellij.idea.Main - OS: Windows 10 (10.0, amd64) 
2021-07-04 18:46:04,040 [     88]   INFO -        #com.intellij.idea.Main - JRE: 11.0.8+10-b944.34 (JetBrains s.r.o.) 
2021-07-04 18:46:04,040 [     88]   INFO -        #com.intellij.idea.Main - JVM: 11.0.8+10-b944.34 (OpenJDK 64-Bit Server VM) 
2021-07-04 18:46:04,040 [     88]   INFO -        #com.intellij.idea.Main - JVM Args: -Didea.auto.reload.plugins=true -Didea.classpath.index.enabled=false -Didea.config.path=C:\Users\Hacybeyker\IdeaProjects\HackFast\build\idea-sandbox\config -Didea.is.internal=true -Didea.platform.prefix=Idea -Didea.plugins.path=C:\Users\Hacybeyker\IdeaProjects\HackFast\build\idea-sandbox\plugins -Didea.required.plugins.id=org.hacybeyker.HackFast -Didea.system.path=C:\Users\Hacybeyker\IdeaProjects\HackFast\build\idea-sandbox\system -Xms256m -Xmx512m -Dfile.encoding=windows-1252 -Duser.country=MX -Duser.language=es -Duser.variant -ea 
2021-07-04 18:46:04,043 [     91]   INFO -        #com.intellij.idea.Main - library path: C:\Users\Hacybeyker\.gradle\caches\modules-2\files-2.1\com.jetbrains\jbre\jbr-11_0_8-windows-x64-b944.34\jbr\bin;C:\WINDOWS\Sun\Java\bin;C:\WINDOWS\system32;C:\WINDOWS;C:\Users\Hacybeyker\AppData\Local\Programs\Python\Python39\Scripts\;C:\Users\Hacybeyker\AppData\Local\Programs\Python\Python39\;C:\Program Files\Common Files\Oracle\Java\javapath;C:\Program Files (x86)\Common Files\Oracle\Java\javapath;C:\Windows\system32;C:\Windows;C:\Windows\System32\Wbem;C:\Windows\System32\WindowsPowerShell\v1.0\;C:\Program Files (x86)\Intel\Intel(R) Management Engine Components\DAL;C:\Program Files\Intel\Intel(R) Management Engine Components\DAL;C:\Program Files\NVIDIA Corporation\NVIDIA NvDLISR;C:\WINDOWS\system32;C:\WINDOWS;C:\WINDOWS\System32\Wbem;C:\WINDOWS\System32\WindowsPowerShell\v1.0\;C:\WINDOWS\System32\OpenSSH\;C:\Users\Hacybeyker\AppData\Local\Android\Sdk;C:\Program Files\Java\jdk1.8.0_271;C:\Program Files\Java\jre1.8.0_271;C:\Users\Hacybeyker\AppData\Local\Android\Sdk\platform-tools;C:\Program Files (x86)\NVIDIA Corporation\PhysX\Common;C:\WINDOWS\system32;C:\WINDOWS;C:\WINDOWS\System32\Wbem;C:\WINDOWS\System32\WindowsPowerShell\v1.0\;C:\WINDOWS\System32\OpenSSH\;C:\Program Files\Java\jre1.8.0_291\bin\;C:\Users\Hacybeyker\AppData\Local\Android\Sdk\build-tools\30.0.3\;C:\Program Files\PuTTY\;C:\Program Files\Git\cmd;C:\Program Files\nodejs\;C:\ProgramData\chocolatey\bin;C:\Users\Hacybeyker\AppData\Local\Microsoft\WindowsApps;;C:\Program Files\JetBrains\IntelliJ IDEA Community Edition 2020.2.3\bin;;C:\Program Files\Huawei\DevEco Studio 2.1.0.501\bin;;C:\Users\Hacybeyker\AppData\Roaming\npm;C:\Program Files\JetBrains\IntelliJ IDEA 2020.2.4\bin;;. 
2021-07-04 18:46:04,043 [     91]   INFO -        #com.intellij.idea.Main - boot library path: C:\Users\Hacybeyker\.gradle\caches\modules-2\files-2.1\com.jetbrains\jbre\jbr-11_0_8-windows-x64-b944.34\jbr\bin 
2021-07-04 18:46:04,045 [     93]   INFO -        #com.intellij.idea.Main - locale=es_MX JNU=Cp1252 file.encoding=windows-1252
  idea.config.path=C:\Users\Hacybeyker\IdeaProjects\HackFast\build\idea-sandbox\config
  idea.system.path=C:\Users\Hacybeyker\IdeaProjects\HackFast\build\idea-sandbox\system
  idea.plugins.path=C:\Users\Hacybeyker\IdeaProjects\HackFast\build\idea-sandbox\plugins
  idea.log.path=C:\Users\Hacybeyker\IdeaProjects\HackFast\build\idea-sandbox\system/log 
2021-07-04 18:46:04,091 [    139]   INFO - ntellij.idea.ApplicationLoader - CPU cores: 8; ForkJoinPool.commonPool: java.util.concurrent.ForkJoinPool@582b0f72[Running, parallelism = 8, size = 0, active = 0, running = 0, steals = 0, tasks = 0, submissions = 0]; factory: com.intellij.concurrency.IdeaForkJoinWorkerThreadFactory@1a7f6958 
2021-07-04 18:46:04,283 [    331]   INFO -        #com.intellij.idea.Main - JNA library (64-bit) loaded in 238 ms 
2021-07-04 18:46:04,287 [    335]   INFO - penapi.util.io.win32.IdeaWin32 - Native filesystem for Windows is operational 
2021-07-04 18:46:04,563 [    611]   INFO - llij.ide.plugins.PluginManager - Plugin PluginDescriptor(name=Groovy, id=org.intellij.groovy, path=C:\Users\Hacybeyker\.gradle\caches\modules-2\files-2.1\com.jetbrains.intellij.idea\ideaIC\2020.2.3\8da1f9add5eaff238a403058a25a22be5a339336\ideaIC-2020.2.3\plugins\Groovy, version=202.7660.26) misses optional descriptor duplicates-groovy.xml 
java.nio.file.NoSuchFileException: /META-INF/duplicates-groovy.xml
	at jdk.zipfs/jdk.nio.zipfs.ZipFileSystem.newInputStream(ZipFileSystem.java:591)
	at jdk.zipfs/jdk.nio.zipfs.ZipPath.newInputStream(ZipPath.java:721)
	at jdk.zipfs/jdk.nio.zipfs.ZipFileSystemProvider.newInputStream(ZipFileSystemProvider.java:275)
	at java.base/java.nio.file.Files.newInputStream(Files.java:155)
	at com.intellij.openapi.util.JDOMUtil.load(JDOMUtil.java:351)
	at com.intellij.ide.plugins.BasePathResolver.resolvePath(BasePathResolver.java:54)
	at com.intellij.ide.plugins.PluginXmlPathResolver.resolvePath(PluginXmlPathResolver.java:58)
	at com.intellij.ide.plugins.XmlReader.readDependencies(XmlReader.java:215)
	at com.intellij.ide.plugins.IdeaPluginDescriptorImpl.readExternal(IdeaPluginDescriptorImpl.java:190)
	at com.intellij.ide.plugins.PluginDescriptorLoader.loadDescriptorFromJar(PluginDescriptorLoader.java:94)
	at com.intellij.ide.plugins.PluginDescriptorLoader.loadDescriptorFromDirAndNormalize(PluginDescriptorLoader.java:145)
	at com.intellij.ide.plugins.PluginDescriptorLoader.loadDescriptorFromFileOrDir(PluginDescriptorLoader.java:120)
	at com.intellij.ide.plugins.PluginDescriptorLoader.loadDescriptor(PluginDescriptorLoader.java:44)
	at com.intellij.ide.plugins.PluginDescriptorLoader.lambda$loadDescriptorsFromDir$1(PluginDescriptorLoader.java:246)
	at java.base/java.util.concurrent.FutureTask.run(FutureTask.java:264)
	at com.intellij.util.concurrency.BoundedTaskExecutor.doRun(BoundedTaskExecutor.java:215)
	at com.intellij.util.concurrency.BoundedTaskExecutor.access$200(BoundedTaskExecutor.java:26)
	at com.intellij.util.concurrency.BoundedTaskExecutor$1.execute(BoundedTaskExecutor.java:194)
	at com.intellij.util.concurrency.BoundedTaskExecutor$1.run(BoundedTaskExecutor.java:186)
	at java.base/java.util.concurrent.ThreadPoolExecutor.runWorker(ThreadPoolExecutor.java:1128)
	at java.base/java.util.concurrent.ThreadPoolExecutor$Worker.run(ThreadPoolExecutor.java:628)
	at java.base/java.util.concurrent.Executors$PrivilegedThreadFactory$1$1.run(Executors.java:668)
	at java.base/java.util.concurrent.Executors$PrivilegedThreadFactory$1$1.run(Executors.java:665)
	at java.base/java.security.AccessController.doPrivileged(Native Method)
	at java.base/java.util.concurrent.Executors$PrivilegedThreadFactory$1.run(Executors.java:665)
	at java.base/java.lang.Thread.run(Thread.java:834)
2021-07-04 18:46:04,574 [    622]   INFO - llij.ide.plugins.PluginManager - Plugin PluginDescriptor(name=Groovy, id=org.intellij.groovy, path=C:\Users\Hacybeyker\.gradle\caches\modules-2\files-2.1\com.jetbrains.intellij.idea\ideaIC\2020.2.3\8da1f9add5eaff238a403058a25a22be5a339336\ideaIC-2020.2.3\plugins\Groovy, version=202.7660.26) misses optional descriptor duplicates-detection-groovy.xml 
java.nio.file.NoSuchFileException: /META-INF/duplicates-detection-groovy.xml
	at jdk.zipfs/jdk.nio.zipfs.ZipFileSystem.newInputStream(ZipFileSystem.java:591)
	at jdk.zipfs/jdk.nio.zipfs.ZipPath.newInputStream(ZipPath.java:721)
	at jdk.zipfs/jdk.nio.zipfs.ZipFileSystemProvider.newInputStream(ZipFileSystemProvider.java:275)
	at java.base/java.nio.file.Files.newInputStream(Files.java:155)
	at com.intellij.openapi.util.JDOMUtil.load(JDOMUtil.java:351)
	at com.intellij.ide.plugins.BasePathResolver.resolvePath(BasePathResolver.java:54)
	at com.intellij.ide.plugins.PluginXmlPathResolver.resolvePath(PluginXmlPathResolver.java:58)
	at com.intellij.ide.plugins.XmlReader.readDependencies(XmlReader.java:215)
	at com.intellij.ide.plugins.IdeaPluginDescriptorImpl.readExternal(IdeaPluginDescriptorImpl.java:190)
	at com.intellij.ide.plugins.PluginDescriptorLoader.loadDescriptorFromJar(PluginDescriptorLoader.java:94)
	at com.intellij.ide.plugins.PluginDescriptorLoader.loadDescriptorFromDirAndNormalize(PluginDescriptorLoader.java:145)
	at com.intellij.ide.plugins.PluginDescriptorLoader.loadDescriptorFromFileOrDir(PluginDescriptorLoader.java:120)
	at com.intellij.ide.plugins.PluginDescriptorLoader.loadDescriptor(PluginDescriptorLoader.java:44)
	at com.intellij.ide.plugins.PluginDescriptorLoader.lambda$loadDescriptorsFromDir$1(PluginDescriptorLoader.java:246)
	at java.base/java.util.concurrent.FutureTask.run(FutureTask.java:264)
	at com.intellij.util.concurrency.BoundedTaskExecutor.doRun(BoundedTaskExecutor.java:215)
	at com.intellij.util.concurrency.BoundedTaskExecutor.access$200(BoundedTaskExecutor.java:26)
	at com.intellij.util.concurrency.BoundedTaskExecutor$1.execute(BoundedTaskExecutor.java:194)
	at com.intellij.util.concurrency.BoundedTaskExecutor$1.run(BoundedTaskExecutor.java:186)
	at java.base/java.util.concurrent.ThreadPoolExecutor.runWorker(ThreadPoolExecutor.java:1128)
	at java.base/java.util.concurrent.ThreadPoolExecutor$Worker.run(ThreadPoolExecutor.java:628)
	at java.base/java.util.concurrent.Executors$PrivilegedThreadFactory$1$1.run(Executors.java:668)
	at java.base/java.util.concurrent.Executors$PrivilegedThreadFactory$1$1.run(Executors.java:665)
	at java.base/java.security.AccessController.doPrivileged(Native Method)
	at java.base/java.util.concurrent.Executors$PrivilegedThreadFactory$1.run(Executors.java:665)
	at java.base/java.lang.Thread.run(Thread.java:834)
2021-07-04 18:46:04,717 [    765]   INFO - llij.ide.plugins.PluginManager - Plugin PluginDescriptor(name=Java, id=com.intellij.java, path=C:\Users\Hacybeyker\.gradle\caches\modules-2\files-2.1\com.jetbrains.intellij.idea\ideaIC\2020.2.3\8da1f9add5eaff238a403058a25a22be5a339336\ideaIC-2020.2.3\plugins\java, version=202.7660.26) misses optional descriptor profiler-java.xml 
java.nio.file.NoSuchFileException: /META-INF/profiler-java.xml
	at jdk.zipfs/jdk.nio.zipfs.ZipFileSystem.newInputStream(ZipFileSystem.java:591)
	at jdk.zipfs/jdk.nio.zipfs.ZipPath.newInputStream(ZipPath.java:721)
	at jdk.zipfs/jdk.nio.zipfs.ZipFileSystemProvider.newInputStream(ZipFileSystemProvider.java:275)
	at java.base/java.nio.file.Files.newInputStream(Files.java:155)
	at com.intellij.openapi.util.JDOMUtil.load(JDOMUtil.java:351)
	at com.intellij.ide.plugins.BasePathResolver.resolvePath(BasePathResolver.java:54)
	at com.intellij.ide.plugins.PluginXmlPathResolver.resolvePath(PluginXmlPathResolver.java:58)
	at com.intellij.ide.plugins.XmlReader.readDependencies(XmlReader.java:215)
	at com.intellij.ide.plugins.IdeaPluginDescriptorImpl.readExternal(IdeaPluginDescriptorImpl.java:190)
	at com.intellij.ide.plugins.PluginDescriptorLoader.loadDescriptorFromJar(PluginDescriptorLoader.java:94)
	at com.intellij.ide.plugins.PluginDescriptorLoader.loadDescriptorFromDirAndNormalize(PluginDescriptorLoader.java:145)
	at com.intellij.ide.plugins.PluginDescriptorLoader.loadDescriptorFromFileOrDir(PluginDescriptorLoader.java:120)
	at com.intellij.ide.plugins.PluginDescriptorLoader.loadDescriptor(PluginDescriptorLoader.java:44)
	at com.intellij.ide.plugins.PluginDescriptorLoader.lambda$loadDescriptorsFromDir$1(PluginDescriptorLoader.java:246)
	at java.base/java.util.concurrent.FutureTask.run(FutureTask.java:264)
	at com.intellij.util.concurrency.BoundedTaskExecutor.doRun(BoundedTaskExecutor.java:215)
	at com.intellij.util.concurrency.BoundedTaskExecutor.access$200(BoundedTaskExecutor.java:26)
	at com.intellij.util.concurrency.BoundedTaskExecutor$1.execute(BoundedTaskExecutor.java:194)
	at com.intellij.util.concurrency.BoundedTaskExecutor$1.run(BoundedTaskExecutor.java:186)
	at java.base/java.util.concurrent.ThreadPoolExecutor.runWorker(ThreadPoolExecutor.java:1128)
	at java.base/java.util.concurrent.ThreadPoolExecutor$Worker.run(ThreadPoolExecutor.java:628)
	at java.base/java.util.concurrent.Executors$PrivilegedThreadFactory$1$1.run(Executors.java:668)
	at java.base/java.util.concurrent.Executors$PrivilegedThreadFactory$1$1.run(Executors.java:665)
	at java.base/java.security.AccessController.doPrivileged(Native Method)
	at java.base/java.util.concurrent.Executors$PrivilegedThreadFactory$1.run(Executors.java:665)
	at java.base/java.lang.Thread.run(Thread.java:834)
2021-07-04 18:46:04,787 [    835]   INFO - llij.ide.plugins.PluginManager - Loaded bundled plugins: IDEA CORE (202.7660.26), com.intellij.platform.images (202.7660.26), JetBrains maven model api classes (202.7660.26), JetBrains Repository Search (202.7660.26), Subversion (202.7660.26), XPathView + XSLT (202.7660.26), XSLT Debugger (202.7660.26), Smali Support (202.7660.26), Configuration Script (202.7660.26), Copyright (202.7660.26), Gradle (202.7660.26), Java (202.7660.26), Bytecode Viewer (202.7660.26), JUnit (202.7660.26), Java IDE Customization (202.7660.26), Java Stream Debugger (202.7660.26), Eclipse Interoperability (202.7660.26), Java Bytecode Decompiler (202.7660.26), macOS Light Theme (202.7660.26), Windows 10 Light Theme (202.7660.26), Properties (202.7660.26), Ant (202.7660.26), Java Internationalization (202.7660.26), UI Designer (202.7660.26), JavaFX (202.7660.26), Resource Bundle Editor (202.7660.26), Machine Learning Code Completion (202.7660.26), Task Management (202.7660.26), Mercurial (202.7660.26), Webp Support (202.7660.26), EditorConfig (202.7660.26), Terminal (202.7660.26), Git (202.7660.26), ChangeReminder (202.7660.26), Next File Prediction (202.7660.26), GitHub (202.7660.26), Shell Script (202.7660.26), TextMate Bundles (202.7660.26), YAML (202.7660.26), Settings Repository (202.7660.26), IntelliLang (202.7660.26), TestNG (202.7660.26), Code Coverage for Java (202.7660.26), Groovy (202.7660.26), Maven (202.7660.26), Gradle-Java (202.7660.26), Plugin DevKit (202.7660.26), Gradle-Maven (202.7660.26), Kotlin (1.3.72-release-IJ2020.1-6), Android (10.4.0.202.7660.26), Markdown (202.7660.26), Grazie (202.7660.26) 
2021-07-04 18:46:04,787 [    835]   INFO - llij.ide.plugins.PluginManager - Loaded custom plugins: HackFast (1.0.0) 
2021-07-04 18:46:05,070 [   1118]   INFO - m.intellij.util.io.StorageLock - lower=100; upper=492; buffer=10; max=492 
2021-07-04 18:46:05,095 [   1143]   INFO - tellij.util.io.FileChannelUtil - un-interruptible FileChannel-s will be used for indexes 
2021-07-04 18:46:05,105 [   1153]   WARN - j.internal.DebugAttachDetector - Unable to start DebugAttachDetector, please add `--add-exports java.base/jdk.internal.vm=ALL-UNNAMED` to VM options 
2021-07-04 18:46:05,117 [   1165]   INFO - fs.newvfs.persistent.FSRecords - Marking VFS as corrupted: 'C:\Users\Hacybeyker\IdeaProjects\HackFast\build\idea-sandbox\system\caches\names.dat' does not exist 
2021-07-04 18:46:05,178 [   1226]   INFO - om.intellij.ui.scale.JBUIScale - System scale factor: 1.0 (IDE-managed HiDPI) 
2021-07-04 18:46:05,220 [   1268]   INFO - rains.ide.BuiltInServerManager - built-in server started, port 63344 
2021-07-04 18:46:05,246 [   1294]   INFO - pl.local.NativeFileWatcherImpl - Native file watcher is disabled 
2021-07-04 18:46:05,327 [   1375]   INFO - til.net.ssl.CertificateManager - Default SSL context initialized 
2021-07-04 18:46:05,378 [   1426]   INFO - stubs.SerializationManagerImpl - Name storage is repaired 
2021-07-04 18:46:06,117 [   2165]   INFO -                         STDOUT - Starting searchable options index builder 
2021-07-04 18:46:06,236 [   2284]   INFO - penapi.application.Experiments - Experimental features enabled for user: wsl.p9.support, wsl.p9.show.roots.in.file.chooser, inline.browse.button, linux.native.menu, recent.and.edited.files.together, show.create.new.element.in.popup, copy.reference.popup, new.large.text.file.viewer, property.value.inplace.editing, terminal.shell.command.handling 
2021-07-04 18:46:06,262 [   2310]   WARN - ConfigurableExtensionPointUtil - ignore deprecated groupId: language for id: preferences.language.Kotlin.scripting 
2021-07-04 18:46:06,533 [   2581]   INFO - il.indexing.FileBasedIndexImpl - Indexes to be rebuilt after corruption:FilenameIndex(v = 3),FrameworkDetectionIndex(v = 0),TodoIndex(v = 4107),IdIndex(v = 4113),filetypes(v = 3),Stubs(v = 46),Trigram.Index(v = 4099),fileIncludes(v = 6),DomFileIndex(v = -1189920956),RelaxSymbolIndex(v = 0),XmlTagNames(v = 1),XmlNamespaces(v = 8),html5.custom.attributes.index(v = 1),SchemaTypeInheritance(v = 2),json.file.root.values(v = 5),XsltSymbolIndex(v = 0),bytecodeAnalysis(v = 4107),java.auto.module.name(v = 5),java.source.module.name(v = 2),java.null.method.argument(v = 4097),java.fun.expression(v = 4102),java.binary.plus.expression(v = 4100),xmlProperties(v = 2),ant-imports(v = 5),com.intellij.uiDesigner.FormClassIndex(v = 0),JavaFxControllerClassIndex(v = 1),javafx.id.name(v = 3),javafx.custom.component(v = 2),editorconfig.index.name(v = 5),yaml.keys.name(v = 1),groovy.trait.fields(v = 5),groovy.trait.methods(v = 25),IdeaPluginRegistrationIndex(v = 3),PluginIdModuleIndex(v = 1),PluginIdDependenciesIndex(v = 1),devkit.ExtensionPointIndex(v = 0),org.jetbrains.kotlin.idea.versions.KotlinJvmMetadataVersionIndex(v = 5),org.jetbrains.kotlin.idea.versions.KotlinJsMetadataVersionIndex(v = 3),org.jetbrains.kotlin.idea.vfilefinder.KotlinClassFileIndex(v = 3),org.jetbrains.kotlin.idea.vfilefinder.KotlinJavaScriptMetaFileIndex(v = 4),org.jetbrains.kotlin.idea.vfilefinder.KotlinMetadataFileIndex(v = 1),org.jetbrains.kotlin.idea.vfilefinder.KotlinMetadataFilePackageIndex(v = 1),org.jetbrains.kotlin.idea.vfilefinder.KotlinModuleMappingIndex(v = 5),org.jetbrains.kotlin.idea.vfilefinder.KotlinPackageSourcesMemberNamesIndex(v = 2),org.jetbrains.kotlin.idea.vfilefinder.KotlinJvmModuleAnnotationsIndex(v = 1),org.jetbrains.kotlin.ide.konan.index.KotlinNativeMetaFileIndex(v = 4),com.android.tools.idea.model.AndroidManifestIndex$Companion$NAME$1.NAME(v = 4),BindingXmlIndex(v = 7),MlModelFileIndex(v = 1) 
2021-07-04 18:46:06,538 [   2586]   INFO - leBasedIndexDataInitialization - Initialization done: 1342 
2021-07-04 18:46:07,359 [   3407]   INFO - tellij.psi.stubs.StubIndexImpl - Following stub indices will be built:dom.namespaceKey(v = 1),dom.elementClass(v = 0),properties.index(v = 2),gr.class.fqn(v = 1),gr.script.fqn(v = 2),gr.field.name(v = 2),gr.method.name(v = 2),gr.annot.method.name(v = 2),gr.annot.members(v = 2),gr.script.class(v = 2),gr.class.super(v = 2),gr.anonymous.class(v = 3),org.jetbrains.kotlin.idea.stubindex.KotlinExactPackagesIndex(v = 2),org.jetbrains.kotlin.idea.stubindex.KotlinTopLevelClassByPackageIndex(v = 2),org.jetbrains.kotlin.idea.stubindex.KotlinTopLevelFunctionByPackageIndex(v = 2),org.jetbrains.kotlin.idea.stubindex.KotlinTopLevelPropertyByPackageIndex(v = 2),org.jetbrains.kotlin.idea.stubindex.KotlinTopLevelTypeAliasByPackageIndex(v = 2),org.jetbrains.kotlin.idea.stubindex.KotlinClassShortNameIndex(v = 2),org.jetbrains.kotlin.idea.stubindex.KotlinFullClassNameIndex(v = 2),org.jetbrains.kotlin.idea.stubindex.KotlinPropertyShortNameIndex(v = 2),org.jetbrains.kotlin.idea.stubindex.KotlinFunctionShortNameIndex(v = 2),org.jetbrains.kotlin.idea.stubindex.KotlinTypeAliasShortNameIndex(v = 2),org.jetbrains.kotlin.idea.stubindex.KotlinSuperClassIndex(v = 2),org.jetbrains.kotlin.idea.stubindex.KotlinTopLevelFunctionFqnNameIndex(v = 2),org.jetbrains.kotlin.idea.stubindex.KotlinTopLevelPropertyFqnNameIndex(v = 2),org.jetbrains.kotlin.idea.stubindex.KotlinTopLevelTypeAliasFqNameIndex(v = 2),org.jetbrains.kotlin.idea.stubindex.KotlinTopLevelExtensionsByReceiverTypeIndex(v = 2),org.jetbrains.kotlin.idea.stubindex.KotlinAnnotationsIndex(v = 3),org.jetbrains.kotlin.idea.stubindex.KotlinProbablyNothingFunctionShortNameIndex(v = 2),org.jetbrains.kotlin.idea.stubindex.KotlinProbablyNothingPropertyShortNameIndex(v = 2),org.jetbrains.kotlin.idea.stubindex.KotlinProbablyContractedFunctionShortNameIndex(v = 2),org.jetbrains.kotlin.idea.stubindex.KotlinFileFacadeFqNameIndex(v = 2),org.jetbrains.kotlin.idea.stubindex.KotlinFilePartClassIndex(v = 2),org.jetbrains.kotlin.idea.stubindex.KotlinFileFacadeClassByPackageIndex(v = 2),org.jetbrains.kotlin.idea.stubindex.KotlinFileFacadeShortNameIndex(v = 2),org.jetbrains.kotlin.idea.stubindex.KotlinMultifileClassPartIndex(v = 2),org.jetbrains.kotlin.idea.stubindex.KotlinScriptFqnIndex(v = 2),org.jetbrains.kotlin.idea.stubindex.KotlinTypeAliasByExpansionShortNameIndex(v = 2),org.jetbrains.kotlin.idea.stubindex.KotlinOverridableInternalMembersShortNameIndex(v = 2),markdown.header(v = 2),java.annotations(v = 2),java.class.extlist(v = 3),java.field.name(v = 2),java.method.name(v = 2),jvm.static.member.name(v = 2),jvm.static.member.type(v = 2),java.anonymous.baseref(v = 2),java.method.parameter.types(v = 3),java.class.shortname(v = 4),java.class.fqn(v = 1),java.module.name(v = 4) 
2021-07-04 18:46:07,359 [   3407]   INFO - exImpl$StubIndexInitialization - Initialization done: 821 
2021-07-04 18:46:07,443 [   3491]   INFO - CompilerWorkspaceConfiguration - Available processors: 8 
2021-07-04 18:46:08,956 [   5004]   INFO - com.intellij.ide.ui.UISettings - Loaded: fontSize=13, fontScale=1.0; restored: fontSize=13, fontScale=1.0 
2021-07-04 18:46:16,306 [  12354]   INFO - leScriptDefinitionsContributor - [kts] error loading gradle script templates: Project 'Default (Template) Project' isn't linked with Gradle 
2021-07-04 18:46:16,311 [  12359]   INFO - leScriptDefinitionsContributor - [kts] error loading gradle script templates: Project 'Default (Template) Project' isn't linked with Gradle 
2021-07-04 18:46:16,311 [  12359]   INFO - leScriptDefinitionsContributor - [kts] error loading gradle script templates: Project 'Default (Template) Project' isn't linked with Gradle 
2021-07-04 18:46:17,902 [  13950]   INFO -                         STDOUT - Searchable options index builder completed 
2021-07-04 18:46:17,953 [  14001]   INFO - .impl.FileTypeDetectionService - 0 auto-detected files. Detection took 0 ms 
2021-07-04 18:46:17,954 [  14002]   INFO - org.jetbrains.io.BuiltInServer - web server stopped 
2021-07-04 18:46:17,959 [  14007]   INFO - il.indexing.FileBasedIndexImpl - START INDEX SHUTDOWN 
2021-07-04 18:46:17,973 [  14021]   INFO - tellij.psi.stubs.StubIndexImpl - StubIndexExtension-s were unloaded 
2021-07-04 18:46:17,975 [  14023]   INFO - il.indexing.FileBasedIndexImpl - END INDEX SHUTDOWN 
2021-07-04 18:46:17,975 [  14023]   INFO - newvfs.persistent.PersistentFS - VFS dispose started 
2021-07-04 18:46:17,995 [  14043]   INFO - newvfs.persistent.PersistentFS - VFS dispose completed 
2021-07-04 18:46:17,995 [  14043]   INFO - stubs.SerializationManagerImpl - Start shutting down C:\Users\Hacybeyker\IdeaProjects\HackFast\build\idea-sandbox\system\index\rep.names 
2021-07-04 18:46:17,995 [  14043]   INFO - stubs.SerializationManagerImpl - Finished shutting down C:\Users\Hacybeyker\IdeaProjects\HackFast\build\idea-sandbox\system\index\rep.names 
2021-07-04 18:46:17,996 [  14044]   INFO - plication.impl.ApplicationImpl - Write action Statistics:
Event number:     0
Total time spent: 0ms
Average duration: 0ms
Median  duration: 0ms
Max     duration: 0ms (it was 'null') 
2021-07-04 18:46:17,996 [  14044]   INFO - plication.impl.ApplicationImpl - AnAction.update() Statistics:
Event number:     0
Total time spent: 0ms
Average duration: 0ms
Median  duration: 0ms
Max     duration: 0ms (it was 'null') 
2021-07-04 18:46:17,997 [  14045]   INFO - plication.impl.ApplicationImpl - Global instance threads created counter = 11; ProcessIOExecutorService threads: 0 
2021-07-04 18:46:17,997 [  14045]   INFO -        #com.intellij.idea.Main - ------------------------------------------------------ IDE SHUTDOWN ------------------------------------------------------ 
2021-07-04 18:46:17,999 [  14047]   INFO - org.jetbrains.io.BuiltInServer - web server stopped 
2021-07-08 12:04:44,753 [      0]   INFO -        #com.intellij.idea.Main - ------------------------------------------------------ IDE STARTED ------------------------------------------------------ 
2021-07-08 12:04:44,893 [    140]   INFO -        #com.intellij.idea.Main - IDE: IntelliJ IDEA (build #IC-202.7660.26, 06 Oct 2020 03:32) 
2021-07-08 12:04:44,895 [    142]   INFO -        #com.intellij.idea.Main - OS: Windows 10 (10.0, amd64) 
2021-07-08 12:04:44,895 [    142]   INFO -        #com.intellij.idea.Main - JRE: 11.0.8+10-b944.34 (JetBrains s.r.o.) 
2021-07-08 12:04:44,895 [    142]   INFO -        #com.intellij.idea.Main - JVM: 11.0.8+10-b944.34 (OpenJDK 64-Bit Server VM) 
2021-07-08 12:04:44,896 [    143]   INFO -        #com.intellij.idea.Main - JVM Args: -Didea.auto.reload.plugins=true -Didea.classpath.index.enabled=false -Didea.config.path=C:\Users\Hacybeyker\IdeaProjects\HackFast\build\idea-sandbox\config -Didea.is.internal=true -Didea.platform.prefix=Idea -Didea.plugins.path=C:\Users\Hacybeyker\IdeaProjects\HackFast\build\idea-sandbox\plugins -Didea.required.plugins.id=org.hacybeyker.HackFast -Didea.system.path=C:\Users\Hacybeyker\IdeaProjects\HackFast\build\idea-sandbox\system -Xms256m -Xmx512m -Dfile.encoding=windows-1252 -Duser.country=MX -Duser.language=es -Duser.variant -ea 
2021-07-08 12:04:44,896 [    143]   INFO -        #com.intellij.idea.Main - library path: C:\Users\Hacybeyker\.gradle\caches\modules-2\files-2.1\com.jetbrains\jbre\jbr-11_0_8-windows-x64-b944.34\jbr\bin;C:\WINDOWS\Sun\Java\bin;C:\WINDOWS\system32;C:\WINDOWS;C:\Users\Hacybeyker\AppData\Local\Programs\Python\Python39\Scripts\;C:\Users\Hacybeyker\AppData\Local\Programs\Python\Python39\;C:\Program Files\Common Files\Oracle\Java\javapath;C:\Program Files (x86)\Common Files\Oracle\Java\javapath;C:\Windows\system32;C:\Windows;C:\Windows\System32\Wbem;C:\Windows\System32\WindowsPowerShell\v1.0\;C:\Program Files (x86)\Intel\Intel(R) Management Engine Components\DAL;C:\Program Files\Intel\Intel(R) Management Engine Components\DAL;C:\Program Files\NVIDIA Corporation\NVIDIA NvDLISR;C:\WINDOWS\system32;C:\WINDOWS;C:\WINDOWS\System32\Wbem;C:\WINDOWS\System32\WindowsPowerShell\v1.0\;C:\WINDOWS\System32\OpenSSH\;C:\Users\Hacybeyker\AppData\Local\Android\Sdk;C:\Program Files\Java\jdk1.8.0_271;C:\Program Files\Java\jre1.8.0_271;C:\Users\Hacybeyker\AppData\Local\Android\Sdk\platform-tools;C:\Program Files (x86)\NVIDIA Corporation\PhysX\Common;C:\WINDOWS\system32;C:\WINDOWS;C:\WINDOWS\System32\Wbem;C:\WINDOWS\System32\WindowsPowerShell\v1.0\;C:\WINDOWS\System32\OpenSSH\;C:\Program Files\Java\jre1.8.0_291\bin\;C:\Users\Hacybeyker\AppData\Local\Android\Sdk\build-tools\30.0.3\;C:\Program Files\PuTTY\;C:\Program Files\Git\cmd;C:\Program Files\nodejs\;C:\ProgramData\chocolatey\bin;C:\Program Files\dotnet\;C:\Program Files\Microsoft SQL Server\130\Tools\Binn\;C:\Program Files\Microsoft SQL Server\Client SDK\ODBC\170\Tools\Binn\;C:\Program Files (x86)\Microsoft SQL Server\150\Tools\Binn\;C:\Program Files\Microsoft SQL Server\150\Tools\Binn\;C:\Program Files\Microsoft SQL Server\150\DTS\Binn\;C:\Program Files (x86)\Microsoft SQL Server\150\DTS\Binn\;C:\Program Files\Azure Data Studio\bin;C:\Users\Hacybeyker\AppData\Local\Microsoft\WindowsApps;;C:\Program Files\JetBrains\IntelliJ IDEA Community Edition 2020.2.3\bin;;C:\Program Files\Huawei\DevEco Studio 2.1.0.501\bin;;C:\Users\Hacybeyker\AppData\Roaming\npm;C:\Program Files\JetBrains\IntelliJ IDEA 2020.2.4\bin;;C:\Users\Hacybeyker\.dotnet\tools;C:\Program Files\Azure Data Studio\bin;. 
2021-07-08 12:04:44,896 [    143]   INFO -        #com.intellij.idea.Main - boot library path: C:\Users\Hacybeyker\.gradle\caches\modules-2\files-2.1\com.jetbrains\jbre\jbr-11_0_8-windows-x64-b944.34\jbr\bin 
2021-07-08 12:04:44,898 [    145]   INFO -        #com.intellij.idea.Main - locale=es_MX JNU=Cp1252 file.encoding=windows-1252
  idea.config.path=C:\Users\Hacybeyker\IdeaProjects\HackFast\build\idea-sandbox\config
  idea.system.path=C:\Users\Hacybeyker\IdeaProjects\HackFast\build\idea-sandbox\system
  idea.plugins.path=C:\Users\Hacybeyker\IdeaProjects\HackFast\build\idea-sandbox\plugins
  idea.log.path=C:\Users\Hacybeyker\IdeaProjects\HackFast\build\idea-sandbox\system/log 
2021-07-08 12:04:44,900 [    147]   INFO - ntellij.idea.ApplicationLoader - CPU cores: 8; ForkJoinPool.commonPool: java.util.concurrent.ForkJoinPool@519ba31e[Running, parallelism = 8, size = 0, active = 0, running = 0, steals = 0, tasks = 0, submissions = 0]; factory: com.intellij.concurrency.IdeaForkJoinWorkerThreadFactory@3d20919b 
2021-07-08 12:04:47,181 [   2428]   INFO -        #com.intellij.idea.Main - JNA library (64-bit) loaded in 2282 ms 
2021-07-08 12:04:50,200 [   5447]   INFO - penapi.util.io.win32.IdeaWin32 - Native filesystem for Windows is operational 
2021-07-08 12:04:50,721 [   5968]   INFO - llij.ide.plugins.PluginManager - Plugin PluginDescriptor(name=Groovy, id=org.intellij.groovy, path=C:\Users\Hacybeyker\.gradle\caches\modules-2\files-2.1\com.jetbrains.intellij.idea\ideaIC\2020.2.3\8da1f9add5eaff238a403058a25a22be5a339336\ideaIC-2020.2.3\plugins\Groovy, version=202.7660.26) misses optional descriptor duplicates-groovy.xml 
java.nio.file.NoSuchFileException: /META-INF/duplicates-groovy.xml
	at jdk.zipfs/jdk.nio.zipfs.ZipFileSystem.newInputStream(ZipFileSystem.java:591)
	at jdk.zipfs/jdk.nio.zipfs.ZipPath.newInputStream(ZipPath.java:721)
	at jdk.zipfs/jdk.nio.zipfs.ZipFileSystemProvider.newInputStream(ZipFileSystemProvider.java:275)
	at java.base/java.nio.file.Files.newInputStream(Files.java:155)
	at com.intellij.openapi.util.JDOMUtil.load(JDOMUtil.java:351)
	at com.intellij.ide.plugins.BasePathResolver.resolvePath(BasePathResolver.java:54)
	at com.intellij.ide.plugins.PluginXmlPathResolver.resolvePath(PluginXmlPathResolver.java:58)
	at com.intellij.ide.plugins.XmlReader.readDependencies(XmlReader.java:215)
	at com.intellij.ide.plugins.IdeaPluginDescriptorImpl.readExternal(IdeaPluginDescriptorImpl.java:190)
	at com.intellij.ide.plugins.PluginDescriptorLoader.loadDescriptorFromJar(PluginDescriptorLoader.java:94)
	at com.intellij.ide.plugins.PluginDescriptorLoader.loadDescriptorFromDirAndNormalize(PluginDescriptorLoader.java:145)
	at com.intellij.ide.plugins.PluginDescriptorLoader.loadDescriptorFromFileOrDir(PluginDescriptorLoader.java:120)
	at com.intellij.ide.plugins.PluginDescriptorLoader.loadDescriptor(PluginDescriptorLoader.java:44)
	at com.intellij.ide.plugins.PluginDescriptorLoader.lambda$loadDescriptorsFromDir$1(PluginDescriptorLoader.java:246)
	at java.base/java.util.concurrent.FutureTask.run(FutureTask.java:264)
	at com.intellij.util.concurrency.BoundedTaskExecutor.doRun(BoundedTaskExecutor.java:215)
	at com.intellij.util.concurrency.BoundedTaskExecutor.access$200(BoundedTaskExecutor.java:26)
	at com.intellij.util.concurrency.BoundedTaskExecutor$1.execute(BoundedTaskExecutor.java:194)
	at com.intellij.util.concurrency.BoundedTaskExecutor$1.run(BoundedTaskExecutor.java:186)
	at java.base/java.util.concurrent.ThreadPoolExecutor.runWorker(ThreadPoolExecutor.java:1128)
	at java.base/java.util.concurrent.ThreadPoolExecutor$Worker.run(ThreadPoolExecutor.java:628)
	at java.base/java.util.concurrent.Executors$PrivilegedThreadFactory$1$1.run(Executors.java:668)
	at java.base/java.util.concurrent.Executors$PrivilegedThreadFactory$1$1.run(Executors.java:665)
	at java.base/java.security.AccessController.doPrivileged(Native Method)
	at java.base/java.util.concurrent.Executors$PrivilegedThreadFactory$1.run(Executors.java:665)
	at java.base/java.lang.Thread.run(Thread.java:834)
2021-07-08 12:04:50,725 [   5972]   INFO - llij.ide.plugins.PluginManager - Plugin PluginDescriptor(name=Groovy, id=org.intellij.groovy, path=C:\Users\Hacybeyker\.gradle\caches\modules-2\files-2.1\com.jetbrains.intellij.idea\ideaIC\2020.2.3\8da1f9add5eaff238a403058a25a22be5a339336\ideaIC-2020.2.3\plugins\Groovy, version=202.7660.26) misses optional descriptor duplicates-detection-groovy.xml 
java.nio.file.NoSuchFileException: /META-INF/duplicates-detection-groovy.xml
	at jdk.zipfs/jdk.nio.zipfs.ZipFileSystem.newInputStream(ZipFileSystem.java:591)
	at jdk.zipfs/jdk.nio.zipfs.ZipPath.newInputStream(ZipPath.java:721)
	at jdk.zipfs/jdk.nio.zipfs.ZipFileSystemProvider.newInputStream(ZipFileSystemProvider.java:275)
	at java.base/java.nio.file.Files.newInputStream(Files.java:155)
	at com.intellij.openapi.util.JDOMUtil.load(JDOMUtil.java:351)
	at com.intellij.ide.plugins.BasePathResolver.resolvePath(BasePathResolver.java:54)
	at com.intellij.ide.plugins.PluginXmlPathResolver.resolvePath(PluginXmlPathResolver.java:58)
	at com.intellij.ide.plugins.XmlReader.readDependencies(XmlReader.java:215)
	at com.intellij.ide.plugins.IdeaPluginDescriptorImpl.readExternal(IdeaPluginDescriptorImpl.java:190)
	at com.intellij.ide.plugins.PluginDescriptorLoader.loadDescriptorFromJar(PluginDescriptorLoader.java:94)
	at com.intellij.ide.plugins.PluginDescriptorLoader.loadDescriptorFromDirAndNormalize(PluginDescriptorLoader.java:145)
	at com.intellij.ide.plugins.PluginDescriptorLoader.loadDescriptorFromFileOrDir(PluginDescriptorLoader.java:120)
	at com.intellij.ide.plugins.PluginDescriptorLoader.loadDescriptor(PluginDescriptorLoader.java:44)
	at com.intellij.ide.plugins.PluginDescriptorLoader.lambda$loadDescriptorsFromDir$1(PluginDescriptorLoader.java:246)
	at java.base/java.util.concurrent.FutureTask.run(FutureTask.java:264)
	at com.intellij.util.concurrency.BoundedTaskExecutor.doRun(BoundedTaskExecutor.java:215)
	at com.intellij.util.concurrency.BoundedTaskExecutor.access$200(BoundedTaskExecutor.java:26)
	at com.intellij.util.concurrency.BoundedTaskExecutor$1.execute(BoundedTaskExecutor.java:194)
	at com.intellij.util.concurrency.BoundedTaskExecutor$1.run(BoundedTaskExecutor.java:186)
	at java.base/java.util.concurrent.ThreadPoolExecutor.runWorker(ThreadPoolExecutor.java:1128)
	at java.base/java.util.concurrent.ThreadPoolExecutor$Worker.run(ThreadPoolExecutor.java:628)
	at java.base/java.util.concurrent.Executors$PrivilegedThreadFactory$1$1.run(Executors.java:668)
	at java.base/java.util.concurrent.Executors$PrivilegedThreadFactory$1$1.run(Executors.java:665)
	at java.base/java.security.AccessController.doPrivileged(Native Method)
	at java.base/java.util.concurrent.Executors$PrivilegedThreadFactory$1.run(Executors.java:665)
	at java.base/java.lang.Thread.run(Thread.java:834)
2021-07-08 12:04:51,256 [   6503]   INFO - llij.ide.plugins.PluginManager - Plugin PluginDescriptor(name=Java, id=com.intellij.java, path=C:\Users\Hacybeyker\.gradle\caches\modules-2\files-2.1\com.jetbrains.intellij.idea\ideaIC\2020.2.3\8da1f9add5eaff238a403058a25a22be5a339336\ideaIC-2020.2.3\plugins\java, version=202.7660.26) misses optional descriptor profiler-java.xml 
java.nio.file.NoSuchFileException: /META-INF/profiler-java.xml
	at jdk.zipfs/jdk.nio.zipfs.ZipFileSystem.newInputStream(ZipFileSystem.java:591)
	at jdk.zipfs/jdk.nio.zipfs.ZipPath.newInputStream(ZipPath.java:721)
	at jdk.zipfs/jdk.nio.zipfs.ZipFileSystemProvider.newInputStream(ZipFileSystemProvider.java:275)
	at java.base/java.nio.file.Files.newInputStream(Files.java:155)
	at com.intellij.openapi.util.JDOMUtil.load(JDOMUtil.java:351)
	at com.intellij.ide.plugins.BasePathResolver.resolvePath(BasePathResolver.java:54)
	at com.intellij.ide.plugins.PluginXmlPathResolver.resolvePath(PluginXmlPathResolver.java:58)
	at com.intellij.ide.plugins.XmlReader.readDependencies(XmlReader.java:215)
	at com.intellij.ide.plugins.IdeaPluginDescriptorImpl.readExternal(IdeaPluginDescriptorImpl.java:190)
	at com.intellij.ide.plugins.PluginDescriptorLoader.loadDescriptorFromJar(PluginDescriptorLoader.java:94)
	at com.intellij.ide.plugins.PluginDescriptorLoader.loadDescriptorFromDirAndNormalize(PluginDescriptorLoader.java:145)
	at com.intellij.ide.plugins.PluginDescriptorLoader.loadDescriptorFromFileOrDir(PluginDescriptorLoader.java:120)
	at com.intellij.ide.plugins.PluginDescriptorLoader.loadDescriptor(PluginDescriptorLoader.java:44)
	at com.intellij.ide.plugins.PluginDescriptorLoader.lambda$loadDescriptorsFromDir$1(PluginDescriptorLoader.java:246)
	at java.base/java.util.concurrent.FutureTask.run(FutureTask.java:264)
	at com.intellij.util.concurrency.BoundedTaskExecutor.doRun(BoundedTaskExecutor.java:215)
	at com.intellij.util.concurrency.BoundedTaskExecutor.access$200(BoundedTaskExecutor.java:26)
	at com.intellij.util.concurrency.BoundedTaskExecutor$1.execute(BoundedTaskExecutor.java:194)
	at com.intellij.util.concurrency.BoundedTaskExecutor$1.run(BoundedTaskExecutor.java:186)
	at java.base/java.util.concurrent.ThreadPoolExecutor.runWorker(ThreadPoolExecutor.java:1128)
	at java.base/java.util.concurrent.ThreadPoolExecutor$Worker.run(ThreadPoolExecutor.java:628)
	at java.base/java.util.concurrent.Executors$PrivilegedThreadFactory$1$1.run(Executors.java:668)
	at java.base/java.util.concurrent.Executors$PrivilegedThreadFactory$1$1.run(Executors.java:665)
	at java.base/java.security.AccessController.doPrivileged(Native Method)
	at java.base/java.util.concurrent.Executors$PrivilegedThreadFactory$1.run(Executors.java:665)
	at java.base/java.lang.Thread.run(Thread.java:834)
2021-07-08 12:04:51,310 [   6557]   INFO - llij.ide.plugins.PluginManager - Loaded bundled plugins: IDEA CORE (202.7660.26), com.intellij.platform.images (202.7660.26), JetBrains maven model api classes (202.7660.26), JetBrains Repository Search (202.7660.26), Subversion (202.7660.26), XPathView + XSLT (202.7660.26), XSLT Debugger (202.7660.26), Smali Support (202.7660.26), Configuration Script (202.7660.26), Copyright (202.7660.26), Gradle (202.7660.26), Java (202.7660.26), Bytecode Viewer (202.7660.26), JUnit (202.7660.26), Java IDE Customization (202.7660.26), Java Stream Debugger (202.7660.26), Eclipse Interoperability (202.7660.26), Java Bytecode Decompiler (202.7660.26), macOS Light Theme (202.7660.26), Windows 10 Light Theme (202.7660.26), Properties (202.7660.26), Ant (202.7660.26), Java Internationalization (202.7660.26), UI Designer (202.7660.26), JavaFX (202.7660.26), Resource Bundle Editor (202.7660.26), Machine Learning Code Completion (202.7660.26), Task Management (202.7660.26), Mercurial (202.7660.26), Webp Support (202.7660.26), EditorConfig (202.7660.26), Terminal (202.7660.26), Git (202.7660.26), ChangeReminder (202.7660.26), Next File Prediction (202.7660.26), GitHub (202.7660.26), Shell Script (202.7660.26), TextMate Bundles (202.7660.26), YAML (202.7660.26), Settings Repository (202.7660.26), IntelliLang (202.7660.26), TestNG (202.7660.26), Code Coverage for Java (202.7660.26), Groovy (202.7660.26), Maven (202.7660.26), Gradle-Java (202.7660.26), Plugin DevKit (202.7660.26), Gradle-Maven (202.7660.26), Kotlin (1.3.72-release-IJ2020.1-6), Android (10.4.0.202.7660.26), Markdown (202.7660.26), Grazie (202.7660.26) 
2021-07-08 12:04:51,310 [   6557]   INFO - llij.ide.plugins.PluginManager - Loaded custom plugins: HackFast (1.0.0) 
2021-07-08 12:04:54,054 [   9301]   INFO - m.intellij.util.io.StorageLock - lower=100; upper=492; buffer=10; max=492 
2021-07-08 12:04:54,072 [   9319]   INFO - tellij.util.io.FileChannelUtil - un-interruptible FileChannel-s will be used for indexes 
2021-07-08 12:04:54,085 [   9332]   WARN - j.internal.DebugAttachDetector - Unable to start DebugAttachDetector, please add `--add-exports java.base/jdk.internal.vm=ALL-UNNAMED` to VM options 
2021-07-08 12:04:54,164 [   9411]   INFO - om.intellij.ui.scale.JBUIScale - System scale factor: 1.0 (IDE-managed HiDPI) 
2021-07-08 12:04:54,166 [   9413]   INFO - rains.ide.BuiltInServerManager - built-in server started, port 63344 
2021-07-08 12:04:54,258 [   9505]   INFO - pl.local.NativeFileWatcherImpl - Native file watcher is disabled 
2021-07-08 12:04:54,326 [   9573]   INFO - til.net.ssl.CertificateManager - Default SSL context initialized 
2021-07-08 12:04:55,155 [  10402]   INFO -                         STDOUT - Starting searchable options index builder 
2021-07-08 12:04:55,818 [  11065]   INFO - penapi.application.Experiments - Experimental features enabled for user: wsl.p9.support, wsl.p9.show.roots.in.file.chooser, inline.browse.button, linux.native.menu, recent.and.edited.files.together, show.create.new.element.in.popup, copy.reference.popup, new.large.text.file.viewer, property.value.inplace.editing, terminal.shell.command.handling 
2021-07-08 12:04:55,856 [  11103]   WARN - ConfigurableExtensionPointUtil - ignore deprecated groupId: language for id: preferences.language.Kotlin.scripting 
2021-07-08 12:04:57,430 [  12677]   INFO - CompilerWorkspaceConfiguration - Available processors: 8 
2021-07-08 12:04:59,069 [  14316]   INFO - com.intellij.ide.ui.UISettings - Loaded: fontSize=13, fontScale=1.0; restored: fontSize=13, fontScale=1.0 
2021-07-08 12:04:59,409 [  14656]   INFO - leBasedIndexDataInitialization - Initialization done: 5251 
2021-07-08 12:05:00,223 [  15470]   INFO - exImpl$StubIndexInitialization - Initialization done: 814 
2021-07-08 12:05:06,522 [  21769]   INFO - leScriptDefinitionsContributor - [kts] error loading gradle script templates: Project 'Default (Template) Project' isn't linked with Gradle 
2021-07-08 12:05:06,527 [  21774]   INFO - leScriptDefinitionsContributor - [kts] error loading gradle script templates: Project 'Default (Template) Project' isn't linked with Gradle 
2021-07-08 12:05:06,527 [  21774]   INFO - leScriptDefinitionsContributor - [kts] error loading gradle script templates: Project 'Default (Template) Project' isn't linked with Gradle 
2021-07-08 12:05:08,480 [  23727]   INFO -                         STDOUT - Searchable options index builder completed 
2021-07-08 12:05:08,531 [  23778]   INFO - .impl.FileTypeDetectionService - 0 auto-detected files. Detection took 0 ms 
2021-07-08 12:05:08,533 [  23780]   INFO - org.jetbrains.io.BuiltInServer - web server stopped 
2021-07-08 12:05:08,538 [  23785]   INFO - il.indexing.FileBasedIndexImpl - START INDEX SHUTDOWN 
2021-07-08 12:05:08,558 [  23805]   INFO - tellij.psi.stubs.StubIndexImpl - StubIndexExtension-s were unloaded 
2021-07-08 12:05:08,561 [  23808]   INFO - il.indexing.FileBasedIndexImpl - END INDEX SHUTDOWN 
2021-07-08 12:05:08,561 [  23808]   INFO - newvfs.persistent.PersistentFS - VFS dispose started 
2021-07-08 12:05:08,566 [  23813]   INFO - newvfs.persistent.PersistentFS - VFS dispose completed 
2021-07-08 12:05:08,566 [  23813]   INFO - stubs.SerializationManagerImpl - Start shutting down C:\Users\Hacybeyker\IdeaProjects\HackFast\build\idea-sandbox\system\index\rep.names 
2021-07-08 12:05:08,566 [  23813]   INFO - stubs.SerializationManagerImpl - Finished shutting down C:\Users\Hacybeyker\IdeaProjects\HackFast\build\idea-sandbox\system\index\rep.names 
2021-07-08 12:05:08,567 [  23814]   INFO - plication.impl.ApplicationImpl - Write action Statistics:
Event number:     0
Total time spent: 0ms
Average duration: 0ms
Median  duration: 0ms
Max     duration: 0ms (it was 'null') 
2021-07-08 12:05:08,567 [  23814]   INFO - plication.impl.ApplicationImpl - AnAction.update() Statistics:
Event number:     0
Total time spent: 0ms
Average duration: 0ms
Median  duration: 0ms
Max     duration: 0ms (it was 'null') 
2021-07-08 12:05:08,568 [  23815]   INFO - plication.impl.ApplicationImpl - Global instance threads created counter = 12; ProcessIOExecutorService threads: 0 
2021-07-08 12:05:08,569 [  23816]   INFO -        #com.intellij.idea.Main - ------------------------------------------------------ IDE SHUTDOWN ------------------------------------------------------ 
2021-07-08 12:05:08,570 [  23817]   INFO - org.jetbrains.io.BuiltInServer - web server stopped 
2021-07-08 12:07:01,253 [      0]   INFO -        #com.intellij.idea.Main - ------------------------------------------------------ IDE STARTED ------------------------------------------------------ 
2021-07-08 12:07:01,355 [    102]   INFO -        #com.intellij.idea.Main - IDE: IntelliJ IDEA (build #IC-202.7660.26, 06 Oct 2020 03:32) 
2021-07-08 12:07:01,356 [    103]   INFO -        #com.intellij.idea.Main - OS: Windows 10 (10.0, amd64) 
2021-07-08 12:07:01,356 [    103]   INFO -        #com.intellij.idea.Main - JRE: 11.0.8+10-b944.34 (JetBrains s.r.o.) 
2021-07-08 12:07:01,356 [    103]   INFO -        #com.intellij.idea.Main - JVM: 11.0.8+10-b944.34 (OpenJDK 64-Bit Server VM) 
2021-07-08 12:07:01,357 [    104]   INFO -        #com.intellij.idea.Main - JVM Args: -Didea.auto.reload.plugins=true -Didea.classpath.index.enabled=false -Didea.config.path=C:\Users\Hacybeyker\IdeaProjects\HackFast\build\idea-sandbox\config -Didea.is.internal=true -Didea.platform.prefix=Idea -Didea.plugins.path=C:\Users\Hacybeyker\IdeaProjects\HackFast\build\idea-sandbox\plugins -Didea.required.plugins.id=org.hacybeyker.HackFast -Didea.system.path=C:\Users\Hacybeyker\IdeaProjects\HackFast\build\idea-sandbox\system -Xms256m -Xmx512m -Dfile.encoding=windows-1252 -Duser.country=MX -Duser.language=es -Duser.variant -ea 
2021-07-08 12:07:01,357 [    104]   INFO -        #com.intellij.idea.Main - library path: C:\Users\Hacybeyker\.gradle\caches\modules-2\files-2.1\com.jetbrains\jbre\jbr-11_0_8-windows-x64-b944.34\jbr\bin;C:\WINDOWS\Sun\Java\bin;C:\WINDOWS\system32;C:\WINDOWS;C:\Users\Hacybeyker\AppData\Local\Programs\Python\Python39\Scripts\;C:\Users\Hacybeyker\AppData\Local\Programs\Python\Python39\;C:\Program Files\Common Files\Oracle\Java\javapath;C:\Program Files (x86)\Common Files\Oracle\Java\javapath;C:\Windows\system32;C:\Windows;C:\Windows\System32\Wbem;C:\Windows\System32\WindowsPowerShell\v1.0\;C:\Program Files (x86)\Intel\Intel(R) Management Engine Components\DAL;C:\Program Files\Intel\Intel(R) Management Engine Components\DAL;C:\Program Files\NVIDIA Corporation\NVIDIA NvDLISR;C:\WINDOWS\system32;C:\WINDOWS;C:\WINDOWS\System32\Wbem;C:\WINDOWS\System32\WindowsPowerShell\v1.0\;C:\WINDOWS\System32\OpenSSH\;C:\Users\Hacybeyker\AppData\Local\Android\Sdk;C:\Program Files\Java\jdk1.8.0_271;C:\Program Files\Java\jre1.8.0_271;C:\Users\Hacybeyker\AppData\Local\Android\Sdk\platform-tools;C:\Program Files (x86)\NVIDIA Corporation\PhysX\Common;C:\WINDOWS\system32;C:\WINDOWS;C:\WINDOWS\System32\Wbem;C:\WINDOWS\System32\WindowsPowerShell\v1.0\;C:\WINDOWS\System32\OpenSSH\;C:\Program Files\Java\jre1.8.0_291\bin\;C:\Users\Hacybeyker\AppData\Local\Android\Sdk\build-tools\30.0.3\;C:\Program Files\PuTTY\;C:\Program Files\Git\cmd;C:\Program Files\nodejs\;C:\ProgramData\chocolatey\bin;C:\Program Files\dotnet\;C:\Program Files\Microsoft SQL Server\130\Tools\Binn\;C:\Program Files\Microsoft SQL Server\Client SDK\ODBC\170\Tools\Binn\;C:\Program Files (x86)\Microsoft SQL Server\150\Tools\Binn\;C:\Program Files\Microsoft SQL Server\150\Tools\Binn\;C:\Program Files\Microsoft SQL Server\150\DTS\Binn\;C:\Program Files (x86)\Microsoft SQL Server\150\DTS\Binn\;C:\Program Files\Azure Data Studio\bin;C:\Users\Hacybeyker\AppData\Local\Microsoft\WindowsApps;;C:\Program Files\JetBrains\IntelliJ IDEA Community Edition 2020.2.3\bin;;C:\Program Files\Huawei\DevEco Studio 2.1.0.501\bin;;C:\Users\Hacybeyker\AppData\Roaming\npm;C:\Program Files\JetBrains\IntelliJ IDEA 2020.2.4\bin;;C:\Users\Hacybeyker\.dotnet\tools;C:\Program Files\Azure Data Studio\bin;. 
2021-07-08 12:07:01,358 [    105]   INFO -        #com.intellij.idea.Main - boot library path: C:\Users\Hacybeyker\.gradle\caches\modules-2\files-2.1\com.jetbrains\jbre\jbr-11_0_8-windows-x64-b944.34\jbr\bin 
2021-07-08 12:07:01,360 [    107]   INFO -        #com.intellij.idea.Main - locale=es_MX JNU=Cp1252 file.encoding=windows-1252
  idea.config.path=C:\Users\Hacybeyker\IdeaProjects\HackFast\build\idea-sandbox\config
  idea.system.path=C:\Users\Hacybeyker\IdeaProjects\HackFast\build\idea-sandbox\system
  idea.plugins.path=C:\Users\Hacybeyker\IdeaProjects\HackFast\build\idea-sandbox\plugins
  idea.log.path=C:\Users\Hacybeyker\IdeaProjects\HackFast\build\idea-sandbox\system/log 
2021-07-08 12:07:01,415 [    162]   INFO - ntellij.idea.ApplicationLoader - CPU cores: 8; ForkJoinPool.commonPool: java.util.concurrent.ForkJoinPool@72b45336[Running, parallelism = 8, size = 0, active = 0, running = 0, steals = 0, tasks = 0, submissions = 0]; factory: com.intellij.concurrency.IdeaForkJoinWorkerThreadFactory@65b7bea7 
2021-07-08 12:07:01,677 [    424]   INFO -        #com.intellij.idea.Main - JNA library (64-bit) loaded in 317 ms 
2021-07-08 12:07:01,681 [    428]   INFO - penapi.util.io.win32.IdeaWin32 - Native filesystem for Windows is operational 
2021-07-08 12:07:01,931 [    678]   INFO - llij.ide.plugins.PluginManager - Plugin PluginDescriptor(name=Groovy, id=org.intellij.groovy, path=C:\Users\Hacybeyker\.gradle\caches\modules-2\files-2.1\com.jetbrains.intellij.idea\ideaIC\2020.2.3\8da1f9add5eaff238a403058a25a22be5a339336\ideaIC-2020.2.3\plugins\Groovy, version=202.7660.26) misses optional descriptor duplicates-groovy.xml 
java.nio.file.NoSuchFileException: /META-INF/duplicates-groovy.xml
	at jdk.zipfs/jdk.nio.zipfs.ZipFileSystem.newInputStream(ZipFileSystem.java:591)
	at jdk.zipfs/jdk.nio.zipfs.ZipPath.newInputStream(ZipPath.java:721)
	at jdk.zipfs/jdk.nio.zipfs.ZipFileSystemProvider.newInputStream(ZipFileSystemProvider.java:275)
	at java.base/java.nio.file.Files.newInputStream(Files.java:155)
	at com.intellij.openapi.util.JDOMUtil.load(JDOMUtil.java:351)
	at com.intellij.ide.plugins.BasePathResolver.resolvePath(BasePathResolver.java:54)
	at com.intellij.ide.plugins.PluginXmlPathResolver.resolvePath(PluginXmlPathResolver.java:58)
	at com.intellij.ide.plugins.XmlReader.readDependencies(XmlReader.java:215)
	at com.intellij.ide.plugins.IdeaPluginDescriptorImpl.readExternal(IdeaPluginDescriptorImpl.java:190)
	at com.intellij.ide.plugins.PluginDescriptorLoader.loadDescriptorFromJar(PluginDescriptorLoader.java:94)
	at com.intellij.ide.plugins.PluginDescriptorLoader.loadDescriptorFromDirAndNormalize(PluginDescriptorLoader.java:145)
	at com.intellij.ide.plugins.PluginDescriptorLoader.loadDescriptorFromFileOrDir(PluginDescriptorLoader.java:120)
	at com.intellij.ide.plugins.PluginDescriptorLoader.loadDescriptor(PluginDescriptorLoader.java:44)
	at com.intellij.ide.plugins.PluginDescriptorLoader.lambda$loadDescriptorsFromDir$1(PluginDescriptorLoader.java:246)
	at java.base/java.util.concurrent.FutureTask.run(FutureTask.java:264)
	at com.intellij.util.concurrency.BoundedTaskExecutor.doRun(BoundedTaskExecutor.java:215)
	at com.intellij.util.concurrency.BoundedTaskExecutor.access$200(BoundedTaskExecutor.java:26)
	at com.intellij.util.concurrency.BoundedTaskExecutor$1.execute(BoundedTaskExecutor.java:194)
	at com.intellij.util.concurrency.BoundedTaskExecutor$1.run(BoundedTaskExecutor.java:186)
	at java.base/java.util.concurrent.ThreadPoolExecutor.runWorker(ThreadPoolExecutor.java:1128)
	at java.base/java.util.concurrent.ThreadPoolExecutor$Worker.run(ThreadPoolExecutor.java:628)
	at java.base/java.util.concurrent.Executors$PrivilegedThreadFactory$1$1.run(Executors.java:668)
	at java.base/java.util.concurrent.Executors$PrivilegedThreadFactory$1$1.run(Executors.java:665)
	at java.base/java.security.AccessController.doPrivileged(Native Method)
	at java.base/java.util.concurrent.Executors$PrivilegedThreadFactory$1.run(Executors.java:665)
	at java.base/java.lang.Thread.run(Thread.java:834)
2021-07-08 12:07:01,936 [    683]   INFO - llij.ide.plugins.PluginManager - Plugin PluginDescriptor(name=Groovy, id=org.intellij.groovy, path=C:\Users\Hacybeyker\.gradle\caches\modules-2\files-2.1\com.jetbrains.intellij.idea\ideaIC\2020.2.3\8da1f9add5eaff238a403058a25a22be5a339336\ideaIC-2020.2.3\plugins\Groovy, version=202.7660.26) misses optional descriptor duplicates-detection-groovy.xml 
java.nio.file.NoSuchFileException: /META-INF/duplicates-detection-groovy.xml
	at jdk.zipfs/jdk.nio.zipfs.ZipFileSystem.newInputStream(ZipFileSystem.java:591)
	at jdk.zipfs/jdk.nio.zipfs.ZipPath.newInputStream(ZipPath.java:721)
	at jdk.zipfs/jdk.nio.zipfs.ZipFileSystemProvider.newInputStream(ZipFileSystemProvider.java:275)
	at java.base/java.nio.file.Files.newInputStream(Files.java:155)
	at com.intellij.openapi.util.JDOMUtil.load(JDOMUtil.java:351)
	at com.intellij.ide.plugins.BasePathResolver.resolvePath(BasePathResolver.java:54)
	at com.intellij.ide.plugins.PluginXmlPathResolver.resolvePath(PluginXmlPathResolver.java:58)
	at com.intellij.ide.plugins.XmlReader.readDependencies(XmlReader.java:215)
	at com.intellij.ide.plugins.IdeaPluginDescriptorImpl.readExternal(IdeaPluginDescriptorImpl.java:190)
	at com.intellij.ide.plugins.PluginDescriptorLoader.loadDescriptorFromJar(PluginDescriptorLoader.java:94)
	at com.intellij.ide.plugins.PluginDescriptorLoader.loadDescriptorFromDirAndNormalize(PluginDescriptorLoader.java:145)
	at com.intellij.ide.plugins.PluginDescriptorLoader.loadDescriptorFromFileOrDir(PluginDescriptorLoader.java:120)
	at com.intellij.ide.plugins.PluginDescriptorLoader.loadDescriptor(PluginDescriptorLoader.java:44)
	at com.intellij.ide.plugins.PluginDescriptorLoader.lambda$loadDescriptorsFromDir$1(PluginDescriptorLoader.java:246)
	at java.base/java.util.concurrent.FutureTask.run(FutureTask.java:264)
	at com.intellij.util.concurrency.BoundedTaskExecutor.doRun(BoundedTaskExecutor.java:215)
	at com.intellij.util.concurrency.BoundedTaskExecutor.access$200(BoundedTaskExecutor.java:26)
	at com.intellij.util.concurrency.BoundedTaskExecutor$1.execute(BoundedTaskExecutor.java:194)
	at com.intellij.util.concurrency.BoundedTaskExecutor$1.run(BoundedTaskExecutor.java:186)
	at java.base/java.util.concurrent.ThreadPoolExecutor.runWorker(ThreadPoolExecutor.java:1128)
	at java.base/java.util.concurrent.ThreadPoolExecutor$Worker.run(ThreadPoolExecutor.java:628)
	at java.base/java.util.concurrent.Executors$PrivilegedThreadFactory$1$1.run(Executors.java:668)
	at java.base/java.util.concurrent.Executors$PrivilegedThreadFactory$1$1.run(Executors.java:665)
	at java.base/java.security.AccessController.doPrivileged(Native Method)
	at java.base/java.util.concurrent.Executors$PrivilegedThreadFactory$1.run(Executors.java:665)
	at java.base/java.lang.Thread.run(Thread.java:834)
2021-07-08 12:07:02,065 [    812]   INFO - llij.ide.plugins.PluginManager - Plugin PluginDescriptor(name=Java, id=com.intellij.java, path=C:\Users\Hacybeyker\.gradle\caches\modules-2\files-2.1\com.jetbrains.intellij.idea\ideaIC\2020.2.3\8da1f9add5eaff238a403058a25a22be5a339336\ideaIC-2020.2.3\plugins\java, version=202.7660.26) misses optional descriptor profiler-java.xml 
java.nio.file.NoSuchFileException: /META-INF/profiler-java.xml
	at jdk.zipfs/jdk.nio.zipfs.ZipFileSystem.newInputStream(ZipFileSystem.java:591)
	at jdk.zipfs/jdk.nio.zipfs.ZipPath.newInputStream(ZipPath.java:721)
	at jdk.zipfs/jdk.nio.zipfs.ZipFileSystemProvider.newInputStream(ZipFileSystemProvider.java:275)
	at java.base/java.nio.file.Files.newInputStream(Files.java:155)
	at com.intellij.openapi.util.JDOMUtil.load(JDOMUtil.java:351)
	at com.intellij.ide.plugins.BasePathResolver.resolvePath(BasePathResolver.java:54)
	at com.intellij.ide.plugins.PluginXmlPathResolver.resolvePath(PluginXmlPathResolver.java:58)
	at com.intellij.ide.plugins.XmlReader.readDependencies(XmlReader.java:215)
	at com.intellij.ide.plugins.IdeaPluginDescriptorImpl.readExternal(IdeaPluginDescriptorImpl.java:190)
	at com.intellij.ide.plugins.PluginDescriptorLoader.loadDescriptorFromJar(PluginDescriptorLoader.java:94)
	at com.intellij.ide.plugins.PluginDescriptorLoader.loadDescriptorFromDirAndNormalize(PluginDescriptorLoader.java:145)
	at com.intellij.ide.plugins.PluginDescriptorLoader.loadDescriptorFromFileOrDir(PluginDescriptorLoader.java:120)
	at com.intellij.ide.plugins.PluginDescriptorLoader.loadDescriptor(PluginDescriptorLoader.java:44)
	at com.intellij.ide.plugins.PluginDescriptorLoader.lambda$loadDescriptorsFromDir$1(PluginDescriptorLoader.java:246)
	at java.base/java.util.concurrent.FutureTask.run(FutureTask.java:264)
	at com.intellij.util.concurrency.BoundedTaskExecutor.doRun(BoundedTaskExecutor.java:215)
	at com.intellij.util.concurrency.BoundedTaskExecutor.access$200(BoundedTaskExecutor.java:26)
	at com.intellij.util.concurrency.BoundedTaskExecutor$1.execute(BoundedTaskExecutor.java:194)
	at com.intellij.util.concurrency.BoundedTaskExecutor$1.run(BoundedTaskExecutor.java:186)
	at java.base/java.util.concurrent.ThreadPoolExecutor.runWorker(ThreadPoolExecutor.java:1128)
	at java.base/java.util.concurrent.ThreadPoolExecutor$Worker.run(ThreadPoolExecutor.java:628)
	at java.base/java.util.concurrent.Executors$PrivilegedThreadFactory$1$1.run(Executors.java:668)
	at java.base/java.util.concurrent.Executors$PrivilegedThreadFactory$1$1.run(Executors.java:665)
	at java.base/java.security.AccessController.doPrivileged(Native Method)
	at java.base/java.util.concurrent.Executors$PrivilegedThreadFactory$1.run(Executors.java:665)
	at java.base/java.lang.Thread.run(Thread.java:834)
2021-07-08 12:07:02,132 [    879]   INFO - llij.ide.plugins.PluginManager - Loaded bundled plugins: IDEA CORE (202.7660.26), com.intellij.platform.images (202.7660.26), JetBrains maven model api classes (202.7660.26), JetBrains Repository Search (202.7660.26), Subversion (202.7660.26), XPathView + XSLT (202.7660.26), XSLT Debugger (202.7660.26), Smali Support (202.7660.26), Configuration Script (202.7660.26), Copyright (202.7660.26), Gradle (202.7660.26), Java (202.7660.26), Bytecode Viewer (202.7660.26), JUnit (202.7660.26), Java IDE Customization (202.7660.26), Java Stream Debugger (202.7660.26), Eclipse Interoperability (202.7660.26), Java Bytecode Decompiler (202.7660.26), macOS Light Theme (202.7660.26), Windows 10 Light Theme (202.7660.26), Properties (202.7660.26), Ant (202.7660.26), Java Internationalization (202.7660.26), UI Designer (202.7660.26), JavaFX (202.7660.26), Resource Bundle Editor (202.7660.26), Machine Learning Code Completion (202.7660.26), Task Management (202.7660.26), Mercurial (202.7660.26), Webp Support (202.7660.26), EditorConfig (202.7660.26), Terminal (202.7660.26), Git (202.7660.26), ChangeReminder (202.7660.26), Next File Prediction (202.7660.26), GitHub (202.7660.26), Shell Script (202.7660.26), TextMate Bundles (202.7660.26), YAML (202.7660.26), Settings Repository (202.7660.26), IntelliLang (202.7660.26), TestNG (202.7660.26), Code Coverage for Java (202.7660.26), Groovy (202.7660.26), Maven (202.7660.26), Gradle-Java (202.7660.26), Plugin DevKit (202.7660.26), Gradle-Maven (202.7660.26), Kotlin (1.3.72-release-IJ2020.1-6), Android (10.4.0.202.7660.26), Markdown (202.7660.26), Grazie (202.7660.26) 
2021-07-08 12:07:02,133 [    880]   INFO - llij.ide.plugins.PluginManager - Loaded custom plugins: HackFast (1.0.1) 
2021-07-08 12:07:02,471 [   1218]   INFO - m.intellij.util.io.StorageLock - lower=100; upper=492; buffer=10; max=492 
2021-07-08 12:07:02,487 [   1234]   INFO - tellij.util.io.FileChannelUtil - un-interruptible FileChannel-s will be used for indexes 
2021-07-08 12:07:02,502 [   1249]   WARN - j.internal.DebugAttachDetector - Unable to start DebugAttachDetector, please add `--add-exports java.base/jdk.internal.vm=ALL-UNNAMED` to VM options 
2021-07-08 12:07:02,574 [   1321]   INFO - rains.ide.BuiltInServerManager - built-in server started, port 63344 
2021-07-08 12:07:02,577 [   1324]   INFO - om.intellij.ui.scale.JBUIScale - System scale factor: 1.0 (IDE-managed HiDPI) 
2021-07-08 12:07:02,630 [   1377]   INFO - pl.local.NativeFileWatcherImpl - Native file watcher is disabled 
2021-07-08 12:07:02,690 [   1437]   INFO - til.net.ssl.CertificateManager - Default SSL context initialized 
2021-07-08 12:07:02,829 [   1576]   INFO -                         STDOUT - Starting searchable options index builder 
2021-07-08 12:07:02,958 [   1705]   INFO - penapi.application.Experiments - Experimental features enabled for user: wsl.p9.support, wsl.p9.show.roots.in.file.chooser, inline.browse.button, linux.native.menu, recent.and.edited.files.together, show.create.new.element.in.popup, copy.reference.popup, new.large.text.file.viewer, property.value.inplace.editing, terminal.shell.command.handling 
2021-07-08 12:07:02,986 [   1733]   WARN - ConfigurableExtensionPointUtil - ignore deprecated groupId: language for id: preferences.language.Kotlin.scripting 
2021-07-08 12:07:04,215 [   2962]   INFO - CompilerWorkspaceConfiguration - Available processors: 8 
2021-07-08 12:07:05,993 [   4740]   INFO - com.intellij.ide.ui.UISettings - Loaded: fontSize=13, fontScale=1.0; restored: fontSize=13, fontScale=1.0 
2021-07-08 12:07:06,170 [   4917]   INFO - leBasedIndexDataInitialization - Initialization done: 3585 
2021-07-08 12:07:06,958 [   5705]   INFO - exImpl$StubIndexInitialization - Initialization done: 787 
2021-07-08 12:07:13,573 [  12320]   INFO - leScriptDefinitionsContributor - [kts] error loading gradle script templates: Project 'Default (Template) Project' isn't linked with Gradle 
2021-07-08 12:07:13,582 [  12329]   INFO - leScriptDefinitionsContributor - [kts] error loading gradle script templates: Project 'Default (Template) Project' isn't linked with Gradle 
2021-07-08 12:07:13,582 [  12329]   INFO - leScriptDefinitionsContributor - [kts] error loading gradle script templates: Project 'Default (Template) Project' isn't linked with Gradle 
2021-07-08 12:07:15,117 [  13864]   INFO -                         STDOUT - Searchable options index builder completed 
2021-07-08 12:07:15,171 [  13918]   INFO - .impl.FileTypeDetectionService - 0 auto-detected files. Detection took 0 ms 
2021-07-08 12:07:15,172 [  13919]   INFO - org.jetbrains.io.BuiltInServer - web server stopped 
2021-07-08 12:07:15,177 [  13924]   INFO - il.indexing.FileBasedIndexImpl - START INDEX SHUTDOWN 
2021-07-08 12:07:15,198 [  13945]   INFO - tellij.psi.stubs.StubIndexImpl - StubIndexExtension-s were unloaded 
2021-07-08 12:07:15,201 [  13948]   INFO - il.indexing.FileBasedIndexImpl - END INDEX SHUTDOWN 
2021-07-08 12:07:15,201 [  13948]   INFO - newvfs.persistent.PersistentFS - VFS dispose started 
2021-07-08 12:07:15,210 [  13957]   INFO - newvfs.persistent.PersistentFS - VFS dispose completed 
2021-07-08 12:07:15,210 [  13957]   INFO - stubs.SerializationManagerImpl - Start shutting down C:\Users\Hacybeyker\IdeaProjects\HackFast\build\idea-sandbox\system\index\rep.names 
2021-07-08 12:07:15,210 [  13957]   INFO - stubs.SerializationManagerImpl - Finished shutting down C:\Users\Hacybeyker\IdeaProjects\HackFast\build\idea-sandbox\system\index\rep.names 
2021-07-08 12:07:15,211 [  13958]   INFO - plication.impl.ApplicationImpl - Write action Statistics:
Event number:     0
Total time spent: 0ms
Average duration: 0ms
Median  duration: 0ms
Max     duration: 0ms (it was 'null') 
2021-07-08 12:07:15,212 [  13959]   INFO - plication.impl.ApplicationImpl - AnAction.update() Statistics:
Event number:     0
Total time spent: 0ms
Average duration: 0ms
Median  duration: 0ms
Max     duration: 0ms (it was 'null') 
2021-07-08 12:07:15,213 [  13960]   INFO - plication.impl.ApplicationImpl - Global instance threads created counter = 11; ProcessIOExecutorService threads: 0 
2021-07-08 12:07:15,213 [  13960]   INFO -        #com.intellij.idea.Main - ------------------------------------------------------ IDE SHUTDOWN ------------------------------------------------------ 
2021-07-08 12:07:15,215 [  13962]   INFO - org.jetbrains.io.BuiltInServer - web server stopped 
